<?xml version="1.0" encoding="UTF-8"?>
<!-- Generated by org.testng.reporters.JUnitReportReporter -->
<testsuite skipped="0" hostname="BYDOC-0020W" name="apiTestFramework.restAssuredTests.WeatherByGetRequest" tests="3" failures="0" timestamp="2019-10-28T15:29:49 MSK" time="6.026" errors="0">
  <testcase name="getWeatherDetailsByChainMethod" time="4.955" classname="apiTestFramework.restAssuredTests.WeatherByGetRequest"/>
  <testcase name="weatherDetailsValidationThroughGET" time="0.423" classname="apiTestFramework.restAssuredTests.WeatherByGetRequest"/>
  <testcase name="customerDetailsValidationThroughPOST" time="0.648" classname="apiTestFramework.restAssuredTests.WeatherByGetRequest"/>
</testsuite> <!-- apiTestFramework.restAssuredTests.WeatherByGetRequest -->
